<?xml version="1.0" encoding="UTF-8"?>
<!-- Generated by org.testng.reporters.JUnitReportReporter -->
<testsuite hostname="DESKTOP-3PLUTEV" failures="0" tests="6" name="m_flipcart.tests" time="218.290" errors="0" timestamp="2022-03-10T11:26:28 IST" skipped="0">
  <testcase classname="m_flipcart.tests" name="remove" time="30.333"/>
  <system-out/>
  <testcase classname="m_flipcart.tests" name="remove" time="27.179"/>
  <system-out/>
  <testcase classname="m_flipcart.tests" name="addDelete" time="41.849"/>
  <system-out/>
  <testcase classname="m_flipcart.tests" name="addDelete" time="45.526"/>
  <system-out/>
  <testcase classname="m_flipcart.tests" name="remove" time="28.374"/>
  <system-out/>
  <testcase classname="m_flipcart.tests" name="addDelete" time="45.029"/>
  <system-out/>
</testsuite> <!-- m_flipcart.tests -->
