<?xml version="1.0" encoding="UTF-8"?>
<!-- Generated by org.testng.reporters.JUnitReportReporter -->
<testsuite hostname="DESKTOP-3PLUTEV" failures="0" tests="3" name="m_flipcart.randomTest" time="0.010" errors="0" timestamp="2022-03-10T11:26:28 IST" skipped="0">
  <testcase classname="m_flipcart.randomTest" name="Tests" time="0.000"/>
  <system-out/>
  <testcase classname="m_flipcart.randomTest" name="Tests" time="0.004"/>
  <system-out/>
  <testcase classname="m_flipcart.randomTest" name="Tests" time="0.006"/>
  <system-out/>
</testsuite> <!-- m_flipcart.randomTest -->
