<?xml version="1.0" encoding="UTF-8"?>
<!-- Generated by org.testng.reporters.JUnitReportReporter -->
<testsuite hostname="DESKTOP-3PLUTEV" failures="0" tests="6" name="m_flipcart.tests" time="243.449" errors="0" timestamp="2022-03-05T10:26:16 IST" skipped="0">
  <testcase classname="m_flipcart.tests" name="addDelete" time="59.046"/>
  <system-out/>
  <testcase classname="m_flipcart.tests" name="addDelete" time="57.126"/>
  <system-out/>
  <testcase classname="m_flipcart.tests" name="remove" time="26.663"/>
  <system-out/>
  <testcase classname="m_flipcart.tests" name="remove" time="26.393"/>
  <system-out/>
  <testcase classname="m_flipcart.tests" name="remove" time="28.492"/>
  <system-out/>
  <testcase classname="m_flipcart.tests" name="addDelete" time="45.729"/>
  <system-out/>
</testsuite> <!-- m_flipcart.tests -->
