<?xml version="1.0" encoding="UTF-8"?>
<!-- Generated by org.testng.reporters.JUnitReportReporter -->
<testsuite hostname="DESKTOP-3PLUTEV" failures="0" tests="3" name="m_flipcart.randomTest" time="0.011" errors="0" timestamp="2022-03-05T10:26:16 IST" skipped="0">
  <testcase classname="m_flipcart.randomTest" name="Tests" time="0.003"/>
  <system-out/>
  <testcase classname="m_flipcart.randomTest" name="Tests" time="0.007"/>
  <system-out/>
  <testcase classname="m_flipcart.randomTest" name="Tests" time="0.001"/>
  <system-out/>
</testsuite> <!-- m_flipcart.randomTest -->
