<?xml version="1.0" encoding="UTF-8"?>
<!-- Generated by org.testng.reporters.JUnitReportReporter -->
<testsuite hostname="DESKTOP-3PLUTEV" failures="0" tests="6" name="m_flipcart.tests" time="218.541" errors="0" timestamp="2022-03-10T10:05:51 IST" skipped="0">
  <testcase classname="m_flipcart.tests" name="addDelete" time="42.574"/>
  <system-out/>
  <testcase classname="m_flipcart.tests" name="remove" time="26.266"/>
  <system-out/>
  <testcase classname="m_flipcart.tests" name="addDelete" time="43.048"/>
  <system-out/>
  <testcase classname="m_flipcart.tests" name="remove" time="29.554"/>
  <system-out/>
  <testcase classname="m_flipcart.tests" name="addDelete" time="46.331"/>
  <system-out/>
  <testcase classname="m_flipcart.tests" name="remove" time="30.768"/>
  <system-out/>
</testsuite> <!-- m_flipcart.tests -->
